[unbouncepages.com/learn-landing-theme-template-v2/index.html]
[backblue.gif]
[fade.gif]
[index.html]
[d9hhrg4mnvzow.cloudfront.net/unbouncepages.com/learn-landing-theme-template-v2/page_defaults-9bb8f9c34a84509389138b480c0f3020.css]
[d9hhrg4mnvzow.cloudfront.net/unbouncepages.com/learn-landing-theme-template-v2/afae14a0-logo.png]
[d9hhrg4mnvzow.cloudfront.net/unbouncepages.com/learn-landing-theme-template-v2/d75f50a3-icon-01.png]
[d9hhrg4mnvzow.cloudfront.net/unbouncepages.com/learn-landing-theme-template-v2/10f07318-icon-phone.png]
[d9hhrg4mnvzow.cloudfront.net/unbouncepages.com/learn-landing-theme-template-v2/b0609b9a-icon-03.png]
[d9hhrg4mnvzow.cloudfront.net/unbouncepages.com/learn-landing-theme-template-v2/e2ff42c0-img-intro_0av0ch0av0ch000000.png]
[d9hhrg4mnvzow.cloudfront.net/unbouncepages.com/learn-landing-theme-template-v2/4f5ab574-ico-77_01w02201w022000000.png]
[d9hhrg4mnvzow.cloudfront.net/unbouncepages.com/learn-landing-theme-template-v2/e9220982-ico-43_01w02201w022000000.png]
[d9hhrg4mnvzow.cloudfront.net/unbouncepages.com/learn-landing-theme-template-v2/929d253f-ico-15_02202201w022003000.png]
[d9hhrg4mnvzow.cloudfront.net/unbouncepages.com/learn-landing-theme-template-v2/99043b62-rombo.png]
[d9hhrg4mnvzow.cloudfront.net/unbouncepages.com/learn-landing-theme-template-v2/f4378d9e-img-gallery.jpg]
[d9hhrg4mnvzow.cloudfront.net/unbouncepages.com/learn-landing-theme-template-v2/dd9272b4-img-gallery-5.jpg]
[d9hhrg4mnvzow.cloudfront.net/unbouncepages.com/learn-landing-theme-template-v2/a29508a3-img-gallery-3.jpg]
[d9hhrg4mnvzow.cloudfront.net/unbouncepages.com/learn-landing-theme-template-v2/ceac9e81-pliegue-01.jpg]
[d9hhrg4mnvzow.cloudfront.net/unbouncepages.com/learn-landing-theme-template-v2/0a78602d-icon-01.png]
[d9hhrg4mnvzow.cloudfront.net/unbouncepages.com/learn-landing-theme-template-v2/dd09d8a7-icon-02.png]
[d9hhrg4mnvzow.cloudfront.net/unbouncepages.com/learn-landing-theme-template-v2/69e13833-icon-03.png]
[d9hhrg4mnvzow.cloudfront.net/unbouncepages.com/learn-landing-theme-template-v2/787db7b0-icon-04.png]
[d9hhrg4mnvzow.cloudfront.net/unbouncepages.com/learn-landing-theme-template-v2/f9cddbbd-icon-05.png]
[d9hhrg4mnvzow.cloudfront.net/unbouncepages.com/learn-landing-theme-template-v2/4a287046-icon-06.png]
[d9hhrg4mnvzow.cloudfront.net/unbouncepages.com/learn-landing-theme-template-v2/1354e730-pliegue-02.png]
[d9hhrg4mnvzow.cloudfront.net/unbouncepages.com/learn-landing-theme-template-v2/bg-intro.original.jpg]
[d9hhrg4mnvzow.cloudfront.net/unbouncepages.com/learn-landing-theme-template-v2/teacher01.original.jpg]
[d9hhrg4mnvzow.cloudfront.net/unbouncepages.com/learn-landing-theme-template-v2/teacher03.original.jpg]
[d9hhrg4mnvzow.cloudfront.net/unbouncepages.com/learn-landing-theme-template-v2/teacher02.original.jpg]
[ajax.googleapis.com/ajax/libs/jquery/1.4.2/jquery.min.js]
[d2xxq4ijfwetlm.cloudfront.net/m/lp-webapp/api/unbounce.js]
[d2xxq4ijfwetlm.cloudfront.net/m/lp-webapp/matchmedia/matchMedia.js]
[d2xxq4ijfwetlm.cloudfront.net/m/lp-webapp/0.0.9/lp-text/3.0/main.js]
[d2xxq4ijfwetlm.cloudfront.net/m/lp-webapp/0.0.9/lp-image/0.4/main.js]
[d2xxq4ijfwetlm.cloudfront.net/m/lp-webapp/0.0.9/lp-button/2.1/main.js]
[d2xxq4ijfwetlm.cloudfront.net/m/lp-webapp/jquery.fancybox-1.3.4/fancybox/jquery.fancybox-1.3.4.js]
[ajax.googleapis.com/ajax/libs/webfont/1.4.7/webfont.js]
[learntheme.coralixthemes.com/img/gallery/img-gallery.jpg]
[learntheme.coralixthemes.com/img/gallery/img-gallery-5.jpg]
[learntheme.coralixthemes.com/img/gallery/img-gallery-3.jpg]
[platform.twitter.com/widgets.js]
[apis.google.com/js/plusone.js]
[unbouncepages.com/learn-landing-theme-template-v2/index.html]
[d9hhrg4mnvzow.cloudfront.net/unbouncepages.com/learn-landing-theme-template-v2/reset-81c62fcc415bd2d6fa009d66c47174b6.css]
[d9hhrg4mnvzow.cloudfront.net/unbouncepages.com/learn-landing-theme-template-v2/page_defaults-9bb8f9c34a84509389138b480c0f3020.css]
[d2xxq4ijfwetlm.cloudfront.net/m/lp-webapp/jquery.fancybox-1.3.4/fancybox/fancybox.png]
[d2xxq4ijfwetlm.cloudfront.net/m/lp-webapp/jquery.fancybox-1.3.4/fancybox/blank.gif]
[d2xxq4ijfwetlm.cloudfront.net/m/lp-webapp/jquery.fancybox-1.3.4/fancybox/fancybox-x.png]
[d2xxq4ijfwetlm.cloudfront.net/m/lp-webapp/jquery.fancybox-1.3.4/fancybox/fancybox-y.png]
[d2xxq4ijfwetlm.cloudfront.net/m/lp-webapp/jquery.fancybox-1.3.4/fancybox/fancy_title_over.png]
[d2xxq4ijfwetlm.cloudfront.net/m/lp-webapp/jquery.fancybox-1.3.4/fancybox/jquery.fancybox-1.3.4.css]
[d9hhrg4mnvzow.cloudfront.net/images/icons/close.png]
[d9hhrg4mnvzow.cloudfront.net/images/transparent.gif]
[d2xxq4ijfwetlm.cloudfront.net/m/lp-webapp/jquery.fancybox-1.3.4/fancybox/fancybox/fancy_close.png]
[d2xxq4ijfwetlm.cloudfront.net/m/lp-webapp/jquery.fancybox-1.3.4/fancybox/fancybox/fancy_nav_left.png]
[d2xxq4ijfwetlm.cloudfront.net/m/lp-webapp/jquery.fancybox-1.3.4/fancybox/fancybox/fancy_nav_right.png]
[d2xxq4ijfwetlm.cloudfront.net/m/lp-webapp/jquery.fancybox-1.3.4/fancybox/fancybox/fancy_title_over.png]
[d2xxq4ijfwetlm.cloudfront.net/m/lp-webapp/jquery.fancybox-1.3.4/fancybox/fancybox/fancy_title_left.png]
[d2xxq4ijfwetlm.cloudfront.net/m/lp-webapp/jquery.fancybox-1.3.4/fancybox/fancybox/fancy_title_main.png]
[d2xxq4ijfwetlm.cloudfront.net/m/lp-webapp/jquery.fancybox-1.3.4/fancybox/fancybox/fancy_title_right.png]
[d2xxq4ijfwetlm.cloudfront.net/m/lp-webapp/jquery.fancybox-1.3.4/fancybox/fancybox/fancy_loading.png]
[d2xxq4ijfwetlm.cloudfront.net/m/lp-webapp/jquery.fancybox-1.3.4/fancybox/fancybox/fancy_shadow_n.png]
[d2xxq4ijfwetlm.cloudfront.net/m/lp-webapp/jquery.fancybox-1.3.4/fancybox/fancybox/fancy_shadow_ne.png]
[d2xxq4ijfwetlm.cloudfront.net/m/lp-webapp/jquery.fancybox-1.3.4/fancybox/fancybox/fancy_shadow_e.png]
[d2xxq4ijfwetlm.cloudfront.net/m/lp-webapp/jquery.fancybox-1.3.4/fancybox/fancybox/fancy_shadow_se.png]
[d2xxq4ijfwetlm.cloudfront.net/m/lp-webapp/jquery.fancybox-1.3.4/fancybox/fancybox/fancy_shadow_s.png]
[d2xxq4ijfwetlm.cloudfront.net/m/lp-webapp/jquery.fancybox-1.3.4/fancybox/fancybox/fancy_shadow_sw.png]
[d2xxq4ijfwetlm.cloudfront.net/m/lp-webapp/jquery.fancybox-1.3.4/fancybox/fancybox/fancy_shadow_w.png]
[d2xxq4ijfwetlm.cloudfront.net/m/lp-webapp/jquery.fancybox-1.3.4/fancybox/fancybox/fancy_shadow_nw.png]
